proguard/seeds.txt
com.trasselback.rapgenius.BuildConfig
com.trasselback.rapgenius.BuildConfig: boolean DEBUG
com.trasselback.rapgenius.BuildConfig: BuildConfig()
com.trasselback.rapgenius.R
com.trasselback.rapgenius.R: R()
com.trasselback.rapgenius.R$array
com.trasselback.rapgenius.R$array: int app_colors_entries
com.trasselback.rapgenius.R$array: int app_colors_values
com.trasselback.rapgenius.R$array: int navigation_array
com.trasselback.rapgenius.R$array: int text_sizes_entries
com.trasselback.rapgenius.R$array: int text_sizes_entry_values
com.trasselback.rapgenius.R$array: R$array()
com.trasselback.rapgenius.R$attr
com.trasselback.rapgenius.R$attr: int actionBarDivider
com.trasselback.rapgenius.R$attr: int actionBarItemBackground
com.trasselback.rapgenius.R$attr: int actionBarSize
com.trasselback.rapgenius.R$attr: int actionBarSplitStyle
com.trasselback.rapgenius.R$attr: int actionBarStyle
com.trasselback.rapgenius.R$attr: int actionBarTabBarStyle
com.trasselback.rapgenius.R$attr: int actionBarTabStyle
com.trasselback.rapgenius.R$attr: int actionBarTabTextStyle
com.trasselback.rapgenius.R$attr: int actionBarWidgetTheme
com.trasselback.rapgenius.R$attr: int actionButtonStyle
com.trasselback.rapgenius.R$attr: int actionDropDownStyle
com.trasselback.rapgenius.R$attr: int actionMenuTextAppearance
com.trasselback.rapgenius.R$attr: int actionMenuTextColor
com.trasselback.rapgenius.R$attr: int actionModeBackground
com.trasselback.rapgenius.R$attr: int actionModeCloseButtonStyle
com.trasselback.rapgenius.R$attr: int actionModeCloseDrawable
com.trasselback.rapgenius.R$attr: int actionModePopupWindowStyle
com.trasselback.rapgenius.R$attr: int actionModeShareDrawable
com.trasselback.rapgenius.R$attr: int actionModeSplitBackground
com.trasselback.rapgenius.R$attr: int actionModeStyle
com.trasselback.rapgenius.R$attr: int actionOverflowButtonStyle
com.trasselback.rapgenius.R$attr: int actionSpinnerItemStyle
com.trasselback.rapgenius.R$attr: int activatedBackgroundIndicator
com.trasselback.rapgenius.R$attr: int activityChooserViewStyle
com.trasselback.rapgenius.R$bool
com.trasselback.rapgenius.R$bool: int abs__action_bar_embed_tabs
com.trasselback.rapgenius.R$bool: int abs__action_bar_expanded_action_views_exclusive
com.trasselback.rapgenius.R$bool: int abs__config_actionMenuItemAllCaps
com.trasselback.rapgenius.R$bool: int abs__config_allowActionMenuItemTextWithIcon
com.trasselback.rapgenius.R$bool: int abs__config_showMenuShortcutsWhenKeyboardPresent
com.trasselback.rapgenius.R$bool: int abs__split_action_bar_is_narrow
com.trasselback.rapgenius.R$bool: R$bool()
...
org.apache.commons.lang3.exception.CloneFailedException
org.apache.commons.lang3.exception.CloneFailedException: long serialVersionUID
org.apache.commons.lang3.exception.CloneFailedException: CloneFailedException(java.lang.String)
org.apache.commons.lang3.exception.CloneFailedException: CloneFailedException(java.lang.Throwable)
org.apache.commons.lang3.exception.CloneFailedException: CloneFailedException(java.lang.String,java.lang.Throwable)
org.apache.commons.lang3.exception.ContextedException
org.apache.commons.lang3.exception.ContextedException: long serialVersionUID
org.apache.commons.lang3.exception.ContextedException: org.apache.commons.lang3.exception.ExceptionContext exceptionContext
org.apache.commons.lang3.exception.ContextedException: ContextedException()
org.apache.commons.lang3.exception.ContextedException: ContextedException(java.lang.String)
org.apache.commons.lang3.exception.ContextedException: ContextedException(java.lang.Throwable)
org.apache.commons.lang3.exception.ContextedException: ContextedException(java.lang.String,java.lang.Throwable)
org.apache.commons.lang3.exception.ContextedException: ContextedException(java.lang.String,java.lang.Throwable,org.apache.commons.lang3.exception.ExceptionContext)
org.apache.commons.lang3.exception.ContextedException: org.apache.commons.lang3.exception.ContextedException addContextValue(java.lang.String,java.lang.Object)
org.apache.commons.lang3.exception.ContextedException: org.apache.commons.lang3.exception.ContextedException setContextValue(java.lang.String,java.lang.Object)
org.apache.commons.lang3.exception.ContextedException: java.util.List getContextValues(java.lang.String)
org.apache.commons.lang3.exception.ContextedException: java.lang.Object getFirstContextValue(java.lang.String)
org.apache.commons.lang3.exception.ContextedException: java.util.List getContextEntries()
org.apache.commons.lang3.exception.ContextedRuntimeException
org.apache.commons.lang3.exception.ContextedRuntimeException: long serialVersionUID
org.apache.commons.lang3.exception.ContextedRuntimeException: org.apache.commons.lang3.exception.ExceptionContext exceptionContext
org.apache.commons.lang3.exception.ContextedRuntimeException: ContextedRuntimeException()
org.apache.commons.lang3.exception.ContextedRuntimeException: ContextedRuntimeException(java.lang.String)
org.apache.commons.lang3.exception.ContextedRuntimeException: ContextedRuntimeException(java.lang.Throwable)
org.apache.commons.lang3.exception.ContextedRuntimeException: ContextedRuntimeException(java.lang.String,java.lang.Throwable)
org.apache.commons.lang3.exception.ContextedRuntimeException: ContextedRuntimeException(java.lang.String,java.lang.Throwable,org.apache.commons.lang3.exception.ExceptionContext)
org.apache.commons.lang3.exception.ContextedRuntimeException: org.apache.commons.lang3.exception.ContextedRuntimeException addContextValue(java.lang.String,java.lang.Object)
org.apache.commons.lang3.exception.ContextedRuntimeException: org.apache.commons.lang3.exception.ContextedRuntimeException setContextValue(java.lang.String,java.lang.Object)
org.apache.commons.lang3.exception.ContextedRuntimeException: java.util.List getContextValues(java.lang.String)
org.apache.commons.lang3.exception.ContextedRuntimeException: java.lang.Object getFirstContextValue(java.lang.String)