proguard/mapping.txt
com.trasselback.rapgenius.BuildConfig -> com.trasselback.rapgenius.BuildConfig:
    boolean DEBUG -> DEBUG
com.trasselback.rapgenius.R -> com.trasselback.rapgenius.R:
com.trasselback.rapgenius.R$array -> com.trasselback.rapgenius.R$array:
    int app_colors_entries -> app_colors_entries
    int app_colors_values -> app_colors_values
    int navigation_array -> navigation_array
    int text_sizes_entries -> text_sizes_entries
    int text_sizes_entry_values -> text_sizes_entry_values
com.trasselback.rapgenius.R$attr -> com.trasselback.rapgenius.R$attr:
    int actionBarDivider -> actionBarDivider
    int actionBarItemBackground -> actionBarItemBackground
    int actionBarSize -> actionBarSize
    int actionBarSplitStyle -> actionBarSplitStyle
    int actionBarStyle -> actionBarStyle
    int actionBarTabBarStyle -> actionBarTabBarStyle
    int actionBarTabStyle -> actionBarTabStyle
    int actionBarTabTextStyle -> actionBarTabTextStyle
    int actionBarWidgetTheme -> actionBarWidgetTheme
    int actionButtonStyle -> actionButtonStyle
    int actionDropDownStyle -> actionDropDownStyle
    int actionMenuTextAppearance -> actionMenuTextAppearance
    int actionMenuTextColor -> actionMenuTextColor
    int actionModeBackground -> actionModeBackground
    int actionModeCloseButtonStyle -> actionModeCloseButtonStyle
    int actionModeCloseDrawable -> actionModeCloseDrawable
    int actionModePopupWindowStyle -> actionModePopupWindowStyle
    int actionModeShareDrawable -> actionModeShareDrawable
    int actionModeSplitBackground -> actionModeSplitBackground
    int actionModeStyle -> actionModeStyle
    int actionOverflowButtonStyle -> actionOverflowButtonStyle
    int actionSpinnerItemStyle -> actionSpinnerItemStyle
    int activatedBackgroundIndicator -> activatedBackgroundIndicator
    int activityChooserViewStyle -> activityChooserViewStyle
    int background -> background
    int backgroundSplit -> backgroundSplit
com.trasselback.rapgenius.R$bool -> com.trasselback.rapgenius.R$bool:
    int abs__action_bar_embed_tabs -> abs__action_bar_embed_tabs
    int abs__action_bar_expanded_action_views_exclusive -> abs__action_bar_expanded_action_views_exclusive
    int abs__config_actionMenuItemAllCaps -> abs__config_actionMenuItemAllCaps
    int abs__config_allowActionMenuItemTextWithIcon -> abs__config_allowActionMenuItemTextWithIcon
    int abs__config_showMenuShortcutsWhenKeyboardPresent -> abs__config_showMenuShortcutsWhenKeyboardPresent
    int abs__split_action_bar_is_narrow -> abs__split_action_bar_is_narrow
com.trasselback.rapgenius.R$color -> com.trasselback.rapgenius.R$color:
    int Black -> Black
    int Blue -> Blue
    int DrawerIconGray -> DrawerIconGray
    int Gray -> Gray
    int Green -> Green
    int LightBlack -> LightBlack
    int LightBlue -> LightBlue
    int LightGray -> LightGray
    int LighterBlack -> LighterBlack
    int Orange -> Orange
    int Purple -> Purple
    int Red -> Red
    int TransBlack -> TransBlack
    int TransGray -> TransGray
    int Transparent -> Transparent
    int White -> White
    int Yellow -> Yellow
    int abs__background_holo_dark -> abs__background_holo_dark
    int abs__background_holo_light -> abs__background_holo_light
    int abs__bright_foreground_disabled_holo_dark -> abs__bright_foreground_disabled_holo_dark
    int abs__bright_foreground_disabled_holo_light -> abs__bright_foreground_disabled_holo_light
    int abs__bright_foreground_holo_dark -> abs__bright_foreground_holo_dark
    int abs__bright_foreground_holo_light -> abs__bright_foreground_holo_light
    int abs__primary_text_disable_only_holo_dark -> abs__primary_text_disable_only_holo_dark
    int abs__primary_text_disable_only_holo_light -> abs__primary_text_disable_only_holo_light
    int abs__primary_text_holo_dark -> abs__primary_text_holo_dark
    int abs__primary_text_holo_light -> abs__primary_text_holo_light
...
org.apache.commons.lang3.tuple.ImmutablePair -> org.apache.commons.lang3.tuple.ImmutablePair:
    long serialVersionUID -> serialVersionUID
    java.lang.Object left -> left
    java.lang.Object right -> right
    org.apache.commons.lang3.tuple.ImmutablePair of(java.lang.Object,java.lang.Object) -> of
    java.lang.Object getLeft() -> getLeft
    java.lang.Object getRight() -> getRight
    java.lang.Object setValue(java.lang.Object) -> setValue
org.apache.commons.lang3.tuple.MutablePair -> org.apache.commons.lang3.tuple.MutablePair:
    long serialVersionUID -> serialVersionUID
    java.lang.Object left -> left
    java.lang.Object right -> right
    org.apache.commons.lang3.tuple.MutablePair of(java.lang.Object,java.lang.Object) -> of
    java.lang.Object getLeft() -> getLeft
    void setLeft(java.lang.Object) -> setLeft
    java.lang.Object getRight() -> getRight
    void setRight(java.lang.Object) -> setRight
    java.lang.Object setValue(java.lang.Object) -> setValue
org.apache.commons.lang3.tuple.Pair -> org.apache.commons.lang3.tuple.Pair:
    long serialVersionUID -> serialVersionUID
    org.apache.commons.lang3.tuple.Pair of(java.lang.Object,java.lang.Object) -> of
    java.lang.Object getLeft() -> getLeft
    java.lang.Object getRight() -> getRight
    java.lang.Object getKey() -> getKey
    java.lang.Object getValue() -> getValue
    int compareTo(org.apache.commons.lang3.tuple.Pair) -> compareTo
    boolean equals(java.lang.Object) -> equals
    int hashCode() -> hashCode
    java.lang.String toString() -> toString
    java.lang.String toString(java.lang.String) -> toString
    int compareTo(java.lang.Object) -> compareTo
org.jsoup.Connection -> org.jsoup.Connection:
    org.jsoup.Connection url(java.lang.String) -> a
    org.jsoup.Connection userAgent(java.lang.String) -> b
    org.jsoup.Connection timeout(int) -> a
    org.jsoup.Connection referrer(java.lang.String) -> c
    org.jsoup.Connection ignoreContentType(boolean) -> a
    org.jsoup.nodes.Document get() -> a
org.jsoup.Connection$Base -> org.jsoup.a:
    java.net.URL url() -> a
    org.jsoup.Connection$Base url(java.net.URL) -> a
    org.jsoup.Connection$Method method() -> b
    org.jsoup.Connection$Base method(org.jsoup.Connection$Method) -> a
    org.jsoup.Connection$Base header(java.lang.String,java.lang.String) -> a
    java.util.Map headers() -> c
    org.jsoup.Connection$Base cookie(java.lang.String,java.lang.String) -> b
    java.util.Map cookies() -> d
org.jsoup.Connection$KeyVal -> org.jsoup.b:
    java.lang.String key() -> a
    java.lang.String value() -> b
org.jsoup.Connection$Method -> org.jsoup.Connection$Method:
    org.jsoup.Connection$Method GET -> a
    org.jsoup.Connection$Method POST -> b
    org.jsoup.Connection$Method[] $VALUES -> c
    org.jsoup.Connection$Method[] values() -> values
    org.jsoup.Connection$Method valueOf(java.lang.String) -> valueOf
org.jsoup.Connection$Request -> org.jsoup.c:
    int timeout() -> e
    org.jsoup.Connection$Request timeout(int) -> a
    int maxBodySize() -> f
    boolean followRedirects() -> g
    boolean ignoreHttpErrors() -> h
    boolean ignoreContentType() -> i
    org.jsoup.Connection$Request ignoreContentType(boolean) -> a
    java.util.Collection data() -> j
    org.jsoup.parser.Parser parser() -> k
org.jsoup.Connection$Response -> org.jsoup.d:
    org.jsoup.nodes.Document parse() -> e
org.jsoup.HttpStatusException -> org.jsoup.HttpStatusException:
    int statusCode -> a
    java.lang.String url -> b
    java.lang.String toString() -> toString
org.jsoup.Jsoup -> org.jsoup.e:
    org.jsoup.nodes.Document parse(java.lang.String) -> a
    org.jsoup.Connection connect(java.lang.String) -> b
org.jsoup.UnsupportedMimeTypeException -> org.jsoup.UnsupportedMimeTypeException:
    java.lang.String mimeType -> a
    java.lang.String url -> b
    java.lang.String toString() -> toString